<?xml version="1.0" encoding="UTF-8"?>
<testng-results ignored="0" total="1" passed="1" failed="0" skipped="0">
  <reporter-output>
  </reporter-output>
  <suite started-at="2023-04-04T17:31:28 IST" name="Default suite" finished-at="2023-04-04T17:31:51 IST" duration-ms="23461">
    <groups>
    </groups>
    <test started-at="2023-04-04T17:31:28 IST" name="Default test" finished-at="2023-04-04T17:31:51 IST" duration-ms="23461">
      <class name="com.practiceselenium.ShoppingWebsite">
        <test-method signature="saveWebPageAsPDF()[pri:0, instance:com.practiceselenium.ShoppingWebsite@4efc180e]" started-at="2023-04-04T17:31:28 IST" name="saveWebPageAsPDF" finished-at="2023-04-04T17:31:51 IST" duration-ms="23411" status="PASS">
          <reporter-output>
          </reporter-output>
        </test-method> <!-- saveWebPageAsPDF -->
      </class> <!-- com.practiceselenium.ShoppingWebsite -->
    </test> <!-- Default test -->
  </suite> <!-- Default suite -->
</testng-results>
